
ROM used:   476/8192 (6%)
            476/8192 (6%) including unused fragments

            0.4 Average locations per line
            5.6 Average locations per statement

RAM used:   8/368 (2%) at main() level
            20/368 (5%) worst case

Stack used: 5 worst case (5 in main + 0 for interrupts)
Stack size: 8

Lines Stmts  %   Files
----- ----- ---  -----
   64    16  19  LCD.c
  786     0   0  ..\..\..\..\..\Program Files\PICC\Devices\16F887.h
  239    69  81  flex_lcd.h
----- -----
 1089    85 Total

Page ROM  %  RAM    Vol Diff  Functions:
---- --- --- ---    --- ----  ----------
0     20   4    1             @delay_ms1
0      8   2    0    149  3.0  @const645
0     44   9    1    328  2.7  lcd_send_nibble
0     37   8    1    362  2.3  lcd_read_nibble
 Inline         3    165  3.3  lcd_read_byte
0     61  13    3    319  4.1  lcd_send_byte
0     46  10    2    384  4.4  lcd_init
0     18   4    4    186  5.5  lcd_gotoxy
0     36   8    1    275  3.9  lcd_putc
0     95  20    1    365  2.3  MAIN
0      7   1    0             @const679
0     86  18    4             @PSTRINGC7_667
0      7   1    0             @const684
0      7   1    0             @const685
 Inline         0             @cinit1

Program metrics:
    Functions               9
    Statements              85
    Comments                228
    Volume (V)              4088
    Difficulty (D)          30.5
    Effort to implement (E) 124535
    Time to implement (T)   1 hours, 55 minutes
    Est Delivered Bugs (B)  1
    Cyclomatic Complexity   10
    Maintainability (MI)    152

 Segment     Used  Free
-----------  ----  ----
00000-00003     4  0  
00004-007FF   472  1572  
00800-00FFF     0  2048  
01000-017FF     0  2048  
01800-01FFF     0  2048  



