
ROM used:   468/8192 (6%)
            468/8192 (6%) including unused fragments

            0.5 Average locations per line
            5.5 Average locations per statement

RAM used:   8/368 (2%) at main() level
            20/368 (5%) worst case

Stack used: 5 worst case (5 in main + 0 for interrupts)
Stack size: 8

Lines Stmts  %   Files
----- ----- ---  -----
   64    16  19  LCD.c
  684     0   0  ..\..\..\..\..\Program Files\PICC\Devices\16F877A.h
  239    69  81  flex_lcd.h
----- -----
  987    85 Total

Page ROM  %  RAM    Vol Diff  Functions:
---- --- --- ---    --- ----  ----------
0     20   4    1             @delay_ms1
0      8   2    0    149  3.0  @const638
0     44   9    1    328  2.7  lcd_send_nibble
0     37   8    1    362  2.3  lcd_read_nibble
 Inline         3    165  3.3  lcd_read_byte
0     61  13    3    319  4.1  lcd_send_byte
0     46  10    2    384  4.4  lcd_init
0     18   4    4    186  5.5  lcd_gotoxy
0     36   8    1    275  3.9  lcd_putc
0     87  19    1    365  2.3  MAIN
0      7   1    0             @const672
0     86  18    4             @PSTRINGC7_660
0      7   1    0             @const677
0      7   1    0             @const678
 Inline         0             @cinit1

Program metrics:
    Functions               9
    Statements              85
    Comments                215
    Volume (V)              4088
    Difficulty (D)          30.5
    Effort to implement (E) 124535
    Time to implement (T)   1 hours, 55 minutes
    Est Delivered Bugs (B)  1
    Cyclomatic Complexity   10
    Maintainability (MI)    151

 Segment     Used  Free
-----------  ----  ----
00000-00003     4  0  
00004-007FF   464  1580  
00800-00FFF     0  2048  
01000-017FF     0  2048  
01800-01FFF     0  2048  



